{"/Users/rossbrown/rithm/exercises/ts-refactor-demo/boxes/src/App.tsx": {"path":"/Users/rossbrown/rithm/exercises/ts-refactor-demo/boxes/src/App.tsx","statementMap":{"0":{"start":{"line":4,"column":2},"end":{"line":8,"column":4}}},"fnMap":{"0":{"name":"App","decl":{"start":{"line":3,"column":9},"end":{"line":3,"column":12}},"loc":{"start":{"line":3,"column":34},"end":{"line":9,"column":1}},"line":3}},"branchMap":{},"s":{"0":2},"f":{"0":2},"b":{},"_coverageSchema":"1a1c01bbd47fc00a2c39e90264f33305004495a9","hash":"d5a424f8b34c759e67570b4b4ee19667da8e6e07"}
}
